

Microchip Technology PIC LITE Macro Assembler V1.41 build -162212810 
                                                                                               Mon Mar 27 14:32:35 2017

Microchip Technology Omniscient Code Generator v1.41 (Free mode) build 201701250102
     1                           	processor	16F84A
     2                           	opt	pw 120
     3                           	opt	lm
     4                           	psect	cinit,global,class=CODE,merge=1,delta=2
     5                           	psect	cstackBANK0,global,class=BANK0,space=1,delta=1
     6                           	psect	maintext,global,class=CODE,split=1,delta=2
     7                           	dabs	1,0x4E,2
     8  0000                     
     9                           ; Version 1.41
    10                           ; Generated 25/01/2017 GMT
    11                           ; 
    12                           ; Copyright © 2017, Microchip Technology Inc. and its subsidiaries ("Microchip")
    13                           ; All rights reserved.
    14                           ; 
    15                           ; This software is developed by Microchip Technology Inc. and its subsidiaries ("Microch
      +                          ip").
    16                           ; 
    17                           ; Redistribution and use in source and binary forms, with or without modification, are
    18                           ; permitted provided that the following conditions are met:
    19                           ; 
    20                           ;     1. Redistributions of source code must retain the above copyright notice, this lis
      +                          t of
    21                           ;        conditions and the following disclaimer.
    22                           ; 
    23                           ;     2. Redistributions in binary form must reproduce the above copyright notice, this 
      +                          list
    24                           ;        of conditions and the following disclaimer in the documentation and/or other
    25                           ;        materials provided with the distribution.
    26                           ; 
    27                           ;     3. Microchip's name may not be used to endorse or promote products derived from th
      +                          is
    28                           ;        software without specific prior written permission.
    29                           ; 
    30                           ; THIS SOFTWARE IS PROVIDED BY MICROCHIP "AS IS" AND ANY EXPRESS OR IMPLIED WARRANTIES,
    31                           ; INCLUDING, BUT NOT LIMITED TO, THE IMPLIED WARRANTIES OF MERCHANTABILITY AND FITNESS F
      +                          OR
    32                           ; PURPOSE ARE DISCLAIMED.  IN NO EVENT SHALL MICROCHIP BE LIABLE FOR ANY DIRECT, INDIREC
      +                          T,
    33                           ; INCIDENTAL, SPECIAL, EXEMPLARY, OR CONSEQUENTIAL DAMAGES (INCLUDING BUT NOT LIMITED TO
    34                           ; PROCUREMENT OF SUBSTITUTE GOODS OR SERVICES; LOSS OF USE, DATA OR PROFITS; OR BUSINESS
    35                           ; INTERRUPTION) HOWSOEVER CAUSED AND ON ANY THEORY OF LIABILITY, WHETHER IN CONTRACT, ST
      +                          RICT
    36                           ; LIABILITY, OR TORT (INCLUDING NEGLIGENCE OR OTHERWISE) ARISING IN ANY WAY OUT OF THE U
      +                          SE OF
    37                           ; THIS SOFTWARE, EVEN IF ADVISED OF THE POSSIBILITY OF SUCH DAMAGE.
    38                           ; 
    39                           ; 
    40                           ; Code-generator required, PIC16F84A Definitions
    41                           ; 
    42                           ; SFR Addresses
    43  0000                     	;# 
    44  0001                     	;# 
    45  0002                     	;# 
    46  0003                     	;# 
    47  0004                     	;# 
    48  0005                     	;# 
    49  0006                     	;# 
    50  0008                     	;# 
    51  0009                     	;# 
    52  000A                     	;# 
    53  000B                     	;# 
    54  0081                     	;# 
    55  0085                     	;# 
    56  0086                     	;# 
    57  0088                     	;# 
    58  0089                     	;# 
    59  0006                     _PORTBbits	set	6
    60  0086                     _TRISB	set	134
    61                           
    62                           ; #config settings
    63  0000                     
    64                           	psect	cinit
    65  03FE                     start_initialization:	
    66  03FE                     __initialization:	
    67  03FE                     end_of_initialization:	
    68                           ;End of C runtime variable initialization code
    69                           
    70  03FE                     __end_of__initialization:	
    71  03FE  0183               	clrf	3
    72  03FF  2BDD               	ljmp	_main	;jump to C main() function
    73                           
    74                           	psect	cstackBANK0
    75  000C                     __pcstackBANK0:	
    76  000C                     ?_main:	
    77  000C                     ??_main:	
    78                           ; 1 bytes @ 0x0
    79                           
    80                           
    81                           ; 1 bytes @ 0x0
    82  000C                     	ds	3
    83                           
    84                           	psect	maintext
    85  03DD                     __pmaintext:	
    86 ;;
    87 ;;Main: autosize = 0, tempsize = 3, incstack = 0, save=0
    88 ;;
    89 ;; *************** function _main *****************
    90 ;; Defined at:
    91 ;;		line 16 in file "main.c"
    92 ;; Parameters:    Size  Location     Type
    93 ;;		None
    94 ;; Auto vars:     Size  Location     Type
    95 ;;		None
    96 ;; Return value:  Size  Location     Type
    97 ;;                  1    wreg      void 
    98 ;; Registers used:
    99 ;;		wreg, status,2
   100 ;; Tracked objects:
   101 ;;		On entry : B00/0
   102 ;;		On exit  : 0/0
   103 ;;		Unchanged: 0/0
   104 ;; Data sizes:     COMMON   BANK0
   105 ;;      Params:         0       0
   106 ;;      Locals:         0       0
   107 ;;      Temps:          0       3
   108 ;;      Totals:         0       3
   109 ;;Total ram usage:        3 bytes
   110 ;; This function calls:
   111 ;;		Nothing
   112 ;; This function is called by:
   113 ;;		Startup code after reset
   114 ;; This function uses a non-reentrant model
   115 ;;
   116                           
   117                           
   118                           ;psect for function _main
   119  03DD                     _main:	
   120                           
   121                           ;main.c: 18: TRISB = 0x0;
   122                           
   123                           ;incstack = 0
   124                           ; Regs used in _main: [wreg+status,2]
   125  03DD  1683               	bsf	3,5	;RP0=1, select bank1
   126  03DE  0186               	clrf	6	;volatile
   127  03DF                     l484:	
   128                           ;main.c: 20: while(1)
   129                           
   130                           
   131                           ;main.c: 21: {
   132                           ;main.c: 22: PORTBbits.RB0 = 1;
   133  03DF  1283               	bcf	3,5	;RP0=0, select bank0
   134  03E0  1406               	bsf	6,0	;volatile
   135                           
   136                           ;main.c: 23: _delay((unsigned long)((500)*(4000000/4000.0)));
   137  03E1  3003               	movlw	3
   138  03E2  008E               	movwf	??_main+2
   139  03E3  308A               	movlw	138
   140  03E4  008D               	movwf	??_main+1
   141  03E5  3055               	movlw	85
   142  03E6  008C               	movwf	??_main
   143  03E7                     u17:	
   144  03E7  0B8C               	decfsz	??_main,f
   145  03E8  2BE7               	goto	u17
   146  03E9  0B8D               	decfsz	??_main+1,f
   147  03EA  2BE7               	goto	u17
   148  03EB  0B8E               	decfsz	??_main+2,f
   149  03EC  2BE7               	goto	u17
   150  03ED  2BEE               	nop2
   151                           
   152                           ;main.c: 25: PORTBbits.RB0 = 0;
   153  03EE  1283               	bcf	3,5	;RP0=0, select bank0
   154  03EF  1006               	bcf	6,0	;volatile
   155                           
   156                           ;main.c: 26: _delay((unsigned long)((500)*(4000000/4000.0)));
   157  03F0  3003               	movlw	3
   158  03F1  008E               	movwf	??_main+2
   159  03F2  308A               	movlw	138
   160  03F3  008D               	movwf	??_main+1
   161  03F4  3055               	movlw	85
   162  03F5  008C               	movwf	??_main
   163  03F6                     u27:	
   164  03F6  0B8C               	decfsz	??_main,f
   165  03F7  2BF6               	goto	u27
   166  03F8  0B8D               	decfsz	??_main+1,f
   167  03F9  2BF6               	goto	u27
   168  03FA  0B8E               	decfsz	??_main+2,f
   169  03FB  2BF6               	goto	u27
   170  03FC  2BFD               	nop2
   171  03FD  2BDF               	goto	l484
   172  03FE                     __end_of_main:	
   173                           ;main.c: 27: }
   174                           ;main.c: 28: return;
   175                           
   176  004E                     btemp	set	78	;btemp
   177  004E                     wtemp0	set	78


Data Sizes:
    Strings     0
    Constant    0
    Data        0
    BSS         0
    Persistent  0
    Stack       0

Auto Spaces:
    Space          Size  Autos    Used
    COMMON            0      0       0
    BANK0            66      3       3

Pointer List with Targets:

    None.

Critical Paths under _main in COMMON

    None.

Critical Paths under _main in BANK0

    None.

Call Graph Tables:

 ---------------------------------------------------------------------------------
 (Depth) Function   	        Calls       Base Space   Used Autos Params    Refs
 ---------------------------------------------------------------------------------
 (0) _main                                                 3     3      0       0
                                              0 BANK0      3     3      0
 ---------------------------------------------------------------------------------
 Estimated maximum stack depth 0
 ---------------------------------------------------------------------------------

 Call Graph Graphs:

 _main (ROOT)

 Address spaces:
Name               Size   Autos  Total    Cost      Usage
BITCOMMON            0      0       0       0        0.0%
EEDATA              40      0       0       0        0.0%
NULL                 0      0       0       0        0.0%
CODE                 0      0       0       0        0.0%
BITSFR0              0      0       0       1        0.0%
SFR0                 0      0       0       1        0.0%
COMMON               0      0       0       1        0.0%
BITSFR1              0      0       0       2        0.0%
SFR1                 0      0       0       2        0.0%
STACK                0      0       0       2        0.0%
BANK0               42      3       3       3        4.5%
ABS                  0      0       0       4        0.0%
BITBANK0            42      0       0       5        0.0%
DATA                 0      0       0       6        0.0%


Microchip Technology PIC Macro Assembler V1.41 build -162212810 
Symbol Table                                                                                   Mon Mar 27 14:32:35 2017

            __CFG_CP$OFF 0000                       u17 03E7                       u27 03F6  
                    l484 03DF             __CFG_FOSC$XT 0000                     _main 03DD  
                   btemp 004E                     start 0000                    ?_main 000C  
          __CFG_WDTE$OFF 0000                    _TRISB 0086            __CFG_PWRTE$ON 0000  
                  status 0003                    wtemp0 004E          __initialization 03FE  
           __end_of_main 03FE                   ??_main 000C  __end_of__initialization 03FE  
             __pmaintext 03DD     end_of_initialization 03FE                _PORTBbits 0006  
    start_initialization 03FE                ___latbits 0000            __pcstackBANK0 000C  
          __size_of_main 0021  
